{"uuid":"29e3595b-5026-4b7a-b100-bf093ee0e295","historyId":"2dbeb13708c6276cd46892b84c6fae86","fullName":"praktikum.stellarburgers.pom.page.ProfilePageParamTest.clickConstructorLinkOnProfilePageThenCheckThatConstructorToBeDisplayed[Navigation between Profile Page and Constructor: (browser: FIREFOX, userStatus: AUTHORIZED_USER)]","labels":[{"name":"package","value":"praktikum.stellarburgers.pom.page"},{"name":"testClass","value":"praktikum.stellarburgers.pom.page.ProfilePageParamTest"},{"name":"testMethod","value":"clickConstructorLinkOnProfilePageThenCheckThatConstructorToBeDisplayed[Navigation between Profile Page and Constructor: (browser: FIREFOX, userStatus: AUTHORIZED_USER)]"},{"name":"suite","value":"praktikum.stellarburgers.pom.page.ProfilePageParamTest"},{"name":"host","value":"BASE-DESKTOP"},{"name":"thread","value":"6376@BASE-DESKTOP.main(1)"},{"name":"framework","value":"junit4"},{"name":"language","value":"java"}],"links":[],"name":"Go to 'Constructor' from 'Account' with 'Constructor' Link","status":"broken","statusDetails":{"known":false,"muted":false,"flaky":false,"message":"Element <a class=\"AppHeader_header__link__3D_hX\" href=\"/\"> is not clickable at point (728,44) because another element <div class=\"Modal_modal_overlay__x2ZCr\"> obscures it\nBuild info: version: '4.15.0', revision: '1d14b5521b'\nSystem info: os.name: 'Windows 10', os.arch: 'amd64', os.version: '10.0', java.version: '11.0.20'\nDriver info: org.openqa.selenium.firefox.FirefoxDriver\nCommand: [f2243ae8-3ab0-47c7-8810-9d13b3b37437, clickElement {id=1d25574d-baeb-45ee-b624-5741575dd873}]\nCapabilities {acceptInsecureCerts: true, browserName: firefox, browserVersion: 117.0.1, moz:accessibilityChecks: false, moz:buildID: 20230912013654, moz:debuggerAddress: 127.0.0.1:47242, moz:geckodriverVersion: 0.33.0, moz:headless: false, moz:platformVersion: 10.0, moz:processID: 17048, moz:profile: C:\\Users\\Sergey\\AppData\\Loc..., moz:shutdownTimeout: 60000, moz:webdriverClick: true, moz:windowless: false, pageLoadStrategy: normal, platformName: windows, proxy: Proxy(), se:cdp: ws://127.0.0.1:47242/devtoo..., se:cdpVersion: 85.0, setWindowRect: true, strictFileInteractability: false, timeouts: {implicit: 0, pageLoad: 300000, script: 30000}, unhandledPromptBehavior: dismiss and notify}\nElement: [[FirefoxDriver: firefox on windows (f2243ae8-3ab0-47c7-8810-9d13b3b37437)] -> xpath: .//nav//li/a[@href='/']]\nSession ID: f2243ae8-3ab0-47c7-8810-9d13b3b37437","trace":"org.openqa.selenium.ElementClickInterceptedException: Element <a class=\"AppHeader_header__link__3D_hX\" href=\"/\"> is not clickable at point (728,44) because another element <div class=\"Modal_modal_overlay__x2ZCr\"> obscures it\nBuild info: version: '4.15.0', revision: '1d14b5521b'\nSystem info: os.name: 'Windows 10', os.arch: 'amd64', os.version: '10.0', java.version: '11.0.20'\nDriver info: org.openqa.selenium.firefox.FirefoxDriver\nCommand: [f2243ae8-3ab0-47c7-8810-9d13b3b37437, clickElement {id=1d25574d-baeb-45ee-b624-5741575dd873}]\nCapabilities {acceptInsecureCerts: true, browserName: firefox, browserVersion: 117.0.1, moz:accessibilityChecks: false, moz:buildID: 20230912013654, moz:debuggerAddress: 127.0.0.1:47242, moz:geckodriverVersion: 0.33.0, moz:headless: false, moz:platformVersion: 10.0, moz:processID: 17048, moz:profile: C:\\Users\\Sergey\\AppData\\Loc..., moz:shutdownTimeout: 60000, moz:webdriverClick: true, moz:windowless: false, pageLoadStrategy: normal, platformName: windows, proxy: Proxy(), se:cdp: ws://127.0.0.1:47242/devtoo..., se:cdpVersion: 85.0, setWindowRect: true, strictFileInteractability: false, timeouts: {implicit: 0, pageLoad: 300000, script: 30000}, unhandledPromptBehavior: dismiss and notify}\nElement: [[FirefoxDriver: firefox on windows (f2243ae8-3ab0-47c7-8810-9d13b3b37437)] -> xpath: .//nav//li/a[@href='/']]\nSession ID: f2243ae8-3ab0-47c7-8810-9d13b3b37437\r\n\tat jdk.internal.reflect.GeneratedConstructorAccessor116.newInstance(Unknown Source)\r\n\tat java.base/jdk.internal.reflect.DelegatingConstructorAccessorImpl.newInstance(DelegatingConstructorAccessorImpl.java:45)\r\n\tat java.base/java.lang.reflect.Constructor.newInstance(Constructor.java:490)\r\n\tat org.openqa.selenium.remote.codec.w3c.W3CHttpResponseCodec.createException(W3CHttpResponseCodec.java:200)\r\n\tat org.openqa.selenium.remote.codec.w3c.W3CHttpResponseCodec.decode(W3CHttpResponseCodec.java:133)\r\n\tat org.openqa.selenium.remote.codec.w3c.W3CHttpResponseCodec.decode(W3CHttpResponseCodec.java:52)\r\n\tat org.openqa.selenium.remote.HttpCommandExecutor.execute(HttpCommandExecutor.java:191)\r\n\tat org.openqa.selenium.remote.service.DriverCommandExecutor.invokeExecute(DriverCommandExecutor.java:200)\r\n\tat org.openqa.selenium.remote.service.DriverCommandExecutor.execute(DriverCommandExecutor.java:175)\r\n\tat org.openqa.selenium.remote.RemoteWebDriver.execute(RemoteWebDriver.java:607)\r\n\tat org.openqa.selenium.remote.RemoteWebElement.execute(RemoteWebElement.java:224)\r\n\tat org.openqa.selenium.remote.RemoteWebElement.click(RemoteWebElement.java:77)\r\n\tat praktikum.stellarburgers.pom.base.BasePage.clickConstructorLink(BasePage.java:46)\r\n\tat praktikum.stellarburgers.pom.page.ProfilePageParamTest.clickConstructorLinkOnProfilePageThenCheckThatConstructorToBeDisplayed(ProfilePageParamTest.java:87)\r\n\tat java.base/jdk.internal.reflect.NativeMethodAccessorImpl.invoke0(Native Method)\r\n\tat java.base/jdk.internal.reflect.NativeMethodAccessorImpl.invoke(NativeMethodAccessorImpl.java:62)\r\n\tat java.base/jdk.internal.reflect.DelegatingMethodAccessorImpl.invoke(DelegatingMethodAccessorImpl.java:43)\r\n\tat java.base/java.lang.reflect.Method.invoke(Method.java:566)\r\n\tat org.junit.runners.model.FrameworkMethod$1.runReflectiveCall(FrameworkMethod.java:59)\r\n\tat org.junit.internal.runners.model.ReflectiveCallable.run(ReflectiveCallable.java:12)\r\n\tat org.junit.runners.model.FrameworkMethod.invokeExplosively(FrameworkMethod.java:56)\r\n\tat org.junit.internal.runners.statements.InvokeMethod.evaluate(InvokeMethod.java:17)\r\n\tat org.junit.internal.runners.statements.RunBefores.evaluate(RunBefores.java:26)\r\n\tat org.junit.internal.runners.statements.RunAfters.evaluate(RunAfters.java:27)\r\n\tat org.junit.runners.ParentRunner$3.evaluate(ParentRunner.java:306)\r\n\tat org.junit.runners.BlockJUnit4ClassRunner$1.evaluate(BlockJUnit4ClassRunner.java:100)\r\n\tat org.junit.runners.ParentRunner.runLeaf(ParentRunner.java:366)\r\n\tat org.junit.runners.BlockJUnit4ClassRunner.runChild(BlockJUnit4ClassRunner.java:103)\r\n\tat org.junit.runners.BlockJUnit4ClassRunner.runChild(BlockJUnit4ClassRunner.java:63)\r\n\tat org.junit.runners.ParentRunner$4.run(ParentRunner.java:331)\r\n\tat org.junit.runners.ParentRunner$1.schedule(ParentRunner.java:79)\r\n\tat org.junit.runners.ParentRunner.runChildren(ParentRunner.java:329)\r\n\tat org.junit.runners.ParentRunner.access$100(ParentRunner.java:66)\r\n\tat org.junit.runners.ParentRunner$2.evaluate(ParentRunner.java:293)\r\n\tat org.junit.runners.ParentRunner.run(ParentRunner.java:413)\r\n\tat org.junit.runners.Suite.runChild(Suite.java:128)\r\n\tat org.junit.runners.Suite.runChild(Suite.java:27)\r\n\tat org.junit.runners.ParentRunner$4.run(ParentRunner.java:331)\r\n\tat org.junit.runners.ParentRunner$1.schedule(ParentRunner.java:79)\r\n\tat org.junit.runners.ParentRunner.runChildren(ParentRunner.java:329)\r\n\tat org.junit.runners.ParentRunner.access$100(ParentRunner.java:66)\r\n\tat org.junit.runners.ParentRunner$2.evaluate(ParentRunner.java:293)\r\n\tat org.junit.runners.ParentRunner$3.evaluate(ParentRunner.java:306)\r\n\tat org.junit.runners.ParentRunner.run(ParentRunner.java:413)\r\n\tat org.junit.runners.Suite.runChild(Suite.java:128)\r\n\tat org.junit.runners.Suite.runChild(Suite.java:27)\r\n\tat org.junit.runners.ParentRunner$4.run(ParentRunner.java:331)\r\n\tat org.junit.runners.ParentRunner$1.schedule(ParentRunner.java:79)\r\n\tat org.junit.runners.ParentRunner.runChildren(ParentRunner.java:329)\r\n\tat org.junit.runners.ParentRunner.access$100(ParentRunner.java:66)\r\n\tat org.junit.runners.ParentRunner$2.evaluate(ParentRunner.java:293)\r\n\tat org.junit.runners.ParentRunner$3.evaluate(ParentRunner.java:306)\r\n\tat org.junit.runners.ParentRunner.run(ParentRunner.java:413)\r\n\tat org.apache.maven.surefire.junit4.JUnit4Provider.execute(JUnit4Provider.java:365)\r\n\tat org.apache.maven.surefire.junit4.JUnit4Provider.executeWithRerun(JUnit4Provider.java:273)\r\n\tat org.apache.maven.surefire.junit4.JUnit4Provider.executeTestSet(JUnit4Provider.java:238)\r\n\tat org.apache.maven.surefire.junit4.JUnit4Provider.invoke(JUnit4Provider.java:159)\r\n\tat org.apache.maven.surefire.booter.ForkedBooter.invokeProviderInSameClassLoader(ForkedBooter.java:384)\r\n\tat org.apache.maven.surefire.booter.ForkedBooter.runSuitesInProcess(ForkedBooter.java:345)\r\n\tat org.apache.maven.surefire.booter.ForkedBooter.execute(ForkedBooter.java:126)\r\n\tat org.apache.maven.surefire.booter.ForkedBooter.main(ForkedBooter.java:418)\r\n"},"stage":"finished","description":"Check of 'Logged in user' can navigate to burger 'Constructor' from 'Account'","steps":[{"name":"POST createUser UserRegistrationData ( email: 'madaline.bradtke@gmail.com', password: '83ibbnrm', name: 'cristopher.flatley' )","status":"passed","stage":"finished","steps":[],"attachments":[],"parameters":[{"name":"userRegistrationData","value":"( email: 'madaline.bradtke@gmail.com', password: '83ibbnrm', name: 'cristopher.flatley' )"}],"start":1702239726642,"stop":1702239727088},{"name":"Open 'Main' Page","status":"passed","stage":"finished","steps":[],"attachments":[],"parameters":[],"start":1702239727096,"stop":1702239734229},{"name":"Wait until 'Main' Page to be displayed","status":"passed","stage":"finished","steps":[{"name":"Wait until 'Page' to be displayed","status":"passed","stage":"finished","steps":[{"name":"Wait until 'Page document' to be ready","status":"passed","stage":"finished","steps":[],"attachments":[],"parameters":[],"start":1702239734229,"stop":1702239734237},{"name":"Wait until 'Page element' to be displayed","status":"passed","stage":"finished","steps":[],"attachments":[],"parameters":[{"name":"waitElement","value":"By.xpath: .//h1[text()='Соберите бургер']"}],"start":1702239734237,"stop":1702239734250}],"attachments":[],"parameters":[{"name":"pageElement","value":"By.xpath: .//h1[text()='Соберите бургер']"}],"start":1702239734229,"stop":1702239734250}],"attachments":[],"parameters":[],"start":1702239734229,"stop":1702239734250},{"name":"Click 'Personal area' link","status":"passed","stage":"finished","steps":[{"name":"Wait until 'Page element' to be clickable","status":"passed","stage":"finished","steps":[],"attachments":[],"parameters":[{"name":"waitElement","value":"By.xpath: .//nav/a[@href='/account']"}],"start":1702239734250,"stop":1702239734270}],"attachments":[],"parameters":[],"start":1702239734250,"stop":1702239734513},{"name":"Fill out Sign in Form","status":"passed","stage":"finished","steps":[{"name":"Set Email","status":"passed","stage":"finished","steps":[],"attachments":[],"parameters":[{"name":"email","value":"madaline.bradtke@gmail.com"}],"start":1702239734513,"stop":1702239734540},{"name":"Set Password","status":"passed","stage":"finished","steps":[],"attachments":[],"parameters":[{"name":"password","value":"83ibbnrm"}],"start":1702239734540,"stop":1702239734553}],"attachments":[],"parameters":[{"name":"email","value":"madaline.bradtke@gmail.com"},{"name":"password","value":"83ibbnrm"}],"start":1702239734513,"stop":1702239734553},{"name":"Click Login Button","status":"passed","stage":"finished","steps":[{"name":"Wait until 'Page element' to be clickable","status":"passed","stage":"finished","steps":[],"attachments":[],"parameters":[{"name":"waitElement","value":"By.xpath: .//button[text()='Войти']"}],"start":1702239734553,"stop":1702239734565}],"attachments":[],"parameters":[],"start":1702239734553,"stop":1702239734778},{"name":"Wait until 'Main' Page to be displayed","status":"passed","stage":"finished","steps":[{"name":"Wait until 'Page' to be displayed","status":"passed","stage":"finished","steps":[{"name":"Wait until 'Page document' to be ready","status":"passed","stage":"finished","steps":[],"attachments":[],"parameters":[],"start":1702239734778,"stop":1702239734784},{"name":"Wait until 'Page element' to be displayed","status":"passed","stage":"finished","steps":[],"attachments":[],"parameters":[{"name":"waitElement","value":"By.xpath: .//h1[text()='Соберите бургер']"}],"start":1702239734784,"stop":1702239735302}],"attachments":[],"parameters":[{"name":"pageElement","value":"By.xpath: .//h1[text()='Соберите бургер']"}],"start":1702239734778,"stop":1702239735302}],"attachments":[],"parameters":[],"start":1702239734778,"stop":1702239735302},{"name":"Wait until 'Order' Button to be displayed","status":"passed","stage":"finished","steps":[{"name":"Wait until 'Page element' to be displayed","status":"passed","stage":"finished","steps":[],"attachments":[],"parameters":[{"name":"waitElement","value":"By.xpath: .//button[text()='Оформить заказ']"}],"start":1702239735302,"stop":1702239735312}],"attachments":[],"parameters":[],"start":1702239735302,"stop":1702239735312},{"name":"Click logged in user 'Personal area' link","status":"passed","stage":"finished","steps":[{"name":"Wait until 'Page element' to be clickable","status":"passed","stage":"finished","steps":[],"attachments":[],"parameters":[{"name":"waitElement","value":"By.xpath: .//nav/a[@href='/account']"}],"start":1702239735312,"stop":1702239735325}],"attachments":[],"parameters":[],"start":1702239735312,"stop":1702239735537},{"name":"Wait until 'Profile' page to be displayed","status":"passed","stage":"finished","steps":[{"name":"Wait until 'Page document' to be ready","status":"passed","stage":"finished","steps":[],"attachments":[],"parameters":[],"start":1702239735537,"stop":1702239735539},{"name":"Wait until 'Page element' to be displayed","status":"passed","stage":"finished","steps":[],"attachments":[],"parameters":[{"name":"waitElement","value":"By.xpath: .//nav/p[text()='В этом разделе вы можете изменить свои персональные данные']"}],"start":1702239735539,"stop":1702239735549},{"name":"Wait until 'Page element' to be displayed","status":"passed","stage":"finished","steps":[],"attachments":[],"parameters":[{"name":"waitElement","value":"By.xpath: .//a[contains(@class, 'active__2opc9') and @href='/account/profile']"}],"start":1702239735549,"stop":1702239735558}],"attachments":[],"parameters":[],"start":1702239735537,"stop":1702239735558},{"name":"Click 'Constructor' link","status":"broken","statusDetails":{"known":false,"muted":false,"flaky":false,"message":"Element <a class=\"AppHeader_header__link__3D_hX\" href=\"/\"> is not clickable at point (728,44) because another element <div class=\"Modal_modal_overlay__x2ZCr\"> obscures it\nBuild info: version: '4.15.0', revision: '1d14b5521b'\nSystem info: os.name: 'Windows 10', os.arch: 'amd64', os.version: '10.0', java.version: '11.0.20'\nDriver info: org.openqa.selenium.firefox.FirefoxDriver\nCommand: [f2243ae8-3ab0-47c7-8810-9d13b3b37437, clickElement {id=1d25574d-baeb-45ee-b624-5741575dd873}]\nCapabilities {acceptInsecureCerts: true, browserName: firefox, browserVersion: 117.0.1, moz:accessibilityChecks: false, moz:buildID: 20230912013654, moz:debuggerAddress: 127.0.0.1:47242, moz:geckodriverVersion: 0.33.0, moz:headless: false, moz:platformVersion: 10.0, moz:processID: 17048, moz:profile: C:\\Users\\Sergey\\AppData\\Loc..., moz:shutdownTimeout: 60000, moz:webdriverClick: true, moz:windowless: false, pageLoadStrategy: normal, platformName: windows, proxy: Proxy(), se:cdp: ws://127.0.0.1:47242/devtoo..., se:cdpVersion: 85.0, setWindowRect: true, strictFileInteractability: false, timeouts: {implicit: 0, pageLoad: 300000, script: 30000}, unhandledPromptBehavior: dismiss and notify}\nElement: [[FirefoxDriver: firefox on windows (f2243ae8-3ab0-47c7-8810-9d13b3b37437)] -> xpath: .//nav//li/a[@href='/']]\nSession ID: f2243ae8-3ab0-47c7-8810-9d13b3b37437","trace":"org.openqa.selenium.ElementClickInterceptedException: Element <a class=\"AppHeader_header__link__3D_hX\" href=\"/\"> is not clickable at point (728,44) because another element <div class=\"Modal_modal_overlay__x2ZCr\"> obscures it\nBuild info: version: '4.15.0', revision: '1d14b5521b'\nSystem info: os.name: 'Windows 10', os.arch: 'amd64', os.version: '10.0', java.version: '11.0.20'\nDriver info: org.openqa.selenium.firefox.FirefoxDriver\nCommand: [f2243ae8-3ab0-47c7-8810-9d13b3b37437, clickElement {id=1d25574d-baeb-45ee-b624-5741575dd873}]\nCapabilities {acceptInsecureCerts: true, browserName: firefox, browserVersion: 117.0.1, moz:accessibilityChecks: false, moz:buildID: 20230912013654, moz:debuggerAddress: 127.0.0.1:47242, moz:geckodriverVersion: 0.33.0, moz:headless: false, moz:platformVersion: 10.0, moz:processID: 17048, moz:profile: C:\\Users\\Sergey\\AppData\\Loc..., moz:shutdownTimeout: 60000, moz:webdriverClick: true, moz:windowless: false, pageLoadStrategy: normal, platformName: windows, proxy: Proxy(), se:cdp: ws://127.0.0.1:47242/devtoo..., se:cdpVersion: 85.0, setWindowRect: true, strictFileInteractability: false, timeouts: {implicit: 0, pageLoad: 300000, script: 30000}, unhandledPromptBehavior: dismiss and notify}\nElement: [[FirefoxDriver: firefox on windows (f2243ae8-3ab0-47c7-8810-9d13b3b37437)] -> xpath: .//nav//li/a[@href='/']]\nSession ID: f2243ae8-3ab0-47c7-8810-9d13b3b37437\r\n\tat jdk.internal.reflect.GeneratedConstructorAccessor116.newInstance(Unknown Source)\r\n\tat java.base/jdk.internal.reflect.DelegatingConstructorAccessorImpl.newInstance(DelegatingConstructorAccessorImpl.java:45)\r\n\tat java.base/java.lang.reflect.Constructor.newInstance(Constructor.java:490)\r\n\tat org.openqa.selenium.remote.codec.w3c.W3CHttpResponseCodec.createException(W3CHttpResponseCodec.java:200)\r\n\tat org.openqa.selenium.remote.codec.w3c.W3CHttpResponseCodec.decode(W3CHttpResponseCodec.java:133)\r\n\tat org.openqa.selenium.remote.codec.w3c.W3CHttpResponseCodec.decode(W3CHttpResponseCodec.java:52)\r\n\tat org.openqa.selenium.remote.HttpCommandExecutor.execute(HttpCommandExecutor.java:191)\r\n\tat org.openqa.selenium.remote.service.DriverCommandExecutor.invokeExecute(DriverCommandExecutor.java:200)\r\n\tat org.openqa.selenium.remote.service.DriverCommandExecutor.execute(DriverCommandExecutor.java:175)\r\n\tat org.openqa.selenium.remote.RemoteWebDriver.execute(RemoteWebDriver.java:607)\r\n\tat org.openqa.selenium.remote.RemoteWebElement.execute(RemoteWebElement.java:224)\r\n\tat org.openqa.selenium.remote.RemoteWebElement.click(RemoteWebElement.java:77)\r\n\tat praktikum.stellarburgers.pom.base.BasePage.clickConstructorLink(BasePage.java:46)\r\n\tat praktikum.stellarburgers.pom.page.ProfilePageParamTest.clickConstructorLinkOnProfilePageThenCheckThatConstructorToBeDisplayed(ProfilePageParamTest.java:87)\r\n\tat java.base/jdk.internal.reflect.NativeMethodAccessorImpl.invoke0(Native Method)\r\n\tat java.base/jdk.internal.reflect.NativeMethodAccessorImpl.invoke(NativeMethodAccessorImpl.java:62)\r\n\tat java.base/jdk.internal.reflect.DelegatingMethodAccessorImpl.invoke(DelegatingMethodAccessorImpl.java:43)\r\n\tat java.base/java.lang.reflect.Method.invoke(Method.java:566)\r\n\tat org.junit.runners.model.FrameworkMethod$1.runReflectiveCall(FrameworkMethod.java:59)\r\n\tat org.junit.internal.runners.model.ReflectiveCallable.run(ReflectiveCallable.java:12)\r\n\tat org.junit.runners.model.FrameworkMethod.invokeExplosively(FrameworkMethod.java:56)\r\n\tat org.junit.internal.runners.statements.InvokeMethod.evaluate(InvokeMethod.java:17)\r\n\tat org.junit.internal.runners.statements.RunBefores.evaluate(RunBefores.java:26)\r\n\tat org.junit.internal.runners.statements.RunAfters.evaluate(RunAfters.java:27)\r\n\tat org.junit.runners.ParentRunner$3.evaluate(ParentRunner.java:306)\r\n\tat org.junit.runners.BlockJUnit4ClassRunner$1.evaluate(BlockJUnit4ClassRunner.java:100)\r\n\tat org.junit.runners.ParentRunner.runLeaf(ParentRunner.java:366)\r\n\tat org.junit.runners.BlockJUnit4ClassRunner.runChild(BlockJUnit4ClassRunner.java:103)\r\n\tat org.junit.runners.BlockJUnit4ClassRunner.runChild(BlockJUnit4ClassRunner.java:63)\r\n\tat org.junit.runners.ParentRunner$4.run(ParentRunner.java:331)\r\n\tat org.junit.runners.ParentRunner$1.schedule(ParentRunner.java:79)\r\n\tat org.junit.runners.ParentRunner.runChildren(ParentRunner.java:329)\r\n\tat org.junit.runners.ParentRunner.access$100(ParentRunner.java:66)\r\n\tat org.junit.runners.ParentRunner$2.evaluate(ParentRunner.java:293)\r\n\tat org.junit.runners.ParentRunner.run(ParentRunner.java:413)\r\n\tat org.junit.runners.Suite.runChild(Suite.java:128)\r\n\tat org.junit.runners.Suite.runChild(Suite.java:27)\r\n\tat org.junit.runners.ParentRunner$4.run(ParentRunner.java:331)\r\n\tat org.junit.runners.ParentRunner$1.schedule(ParentRunner.java:79)\r\n\tat org.junit.runners.ParentRunner.runChildren(ParentRunner.java:329)\r\n\tat org.junit.runners.ParentRunner.access$100(ParentRunner.java:66)\r\n\tat org.junit.runners.ParentRunner$2.evaluate(ParentRunner.java:293)\r\n\tat org.junit.runners.ParentRunner$3.evaluate(ParentRunner.java:306)\r\n\tat org.junit.runners.ParentRunner.run(ParentRunner.java:413)\r\n\tat org.junit.runners.Suite.runChild(Suite.java:128)\r\n\tat org.junit.runners.Suite.runChild(Suite.java:27)\r\n\tat org.junit.runners.ParentRunner$4.run(ParentRunner.java:331)\r\n\tat org.junit.runners.ParentRunner$1.schedule(ParentRunner.java:79)\r\n\tat org.junit.runners.ParentRunner.runChildren(ParentRunner.java:329)\r\n\tat org.junit.runners.ParentRunner.access$100(ParentRunner.java:66)\r\n\tat org.junit.runners.ParentRunner$2.evaluate(ParentRunner.java:293)\r\n\tat org.junit.runners.ParentRunner$3.evaluate(ParentRunner.java:306)\r\n\tat org.junit.runners.ParentRunner.run(ParentRunner.java:413)\r\n\tat org.apache.maven.surefire.junit4.JUnit4Provider.execute(JUnit4Provider.java:365)\r\n\tat org.apache.maven.surefire.junit4.JUnit4Provider.executeWithRerun(JUnit4Provider.java:273)\r\n\tat org.apache.maven.surefire.junit4.JUnit4Provider.executeTestSet(JUnit4Provider.java:238)\r\n\tat org.apache.maven.surefire.junit4.JUnit4Provider.invoke(JUnit4Provider.java:159)\r\n\tat org.apache.maven.surefire.booter.ForkedBooter.invokeProviderInSameClassLoader(ForkedBooter.java:384)\r\n\tat org.apache.maven.surefire.booter.ForkedBooter.runSuitesInProcess(ForkedBooter.java:345)\r\n\tat org.apache.maven.surefire.booter.ForkedBooter.execute(ForkedBooter.java:126)\r\n\tat org.apache.maven.surefire.booter.ForkedBooter.main(ForkedBooter.java:418)\r\n"},"stage":"finished","steps":[{"name":"Wait until 'Page element' to be clickable","status":"passed","stage":"finished","steps":[],"attachments":[],"parameters":[{"name":"waitElement","value":"By.xpath: .//nav//li/a[@href='/']"}],"start":1702239735558,"stop":1702239735571}],"attachments":[],"parameters":[],"start":1702239735558,"stop":1702239735576},{"name":"DELETE deleteUser ( accessToken=\"Bearer eyJhbGciOiJIUzI1NiIsInR5cCI6IkpXVCJ9.eyJpZCI6IjY1NzYxZGVmOWVkMjgwMDAxYjM5NTgzYSIsImlhdCI6MTcwMjIzOTcyNywiZXhwIjoxNzAyMjQwOTI3fQ.uyc97qTk-sqBCc-XNF40SMUANpgUOkaTPqH1yK93Ra0\" )","status":"passed","stage":"finished","steps":[],"attachments":[],"parameters":[{"name":"accessToken","value":"Bearer eyJhbGciOiJIUzI1NiIsInR5cCI6IkpXVCJ9.eyJpZCI6IjY1NzYxZGVmOWVkMjgwMDAxYjM5NTgzYSIsImlhdCI6MTcwMjIzOTcyNywiZXhwIjoxNzAyMjQwOTI3fQ.uyc97qTk-sqBCc-XNF40SMUANpgUOkaTPqH1yK93Ra0"}],"start":1702239735576,"stop":1702239736143}],"attachments":[],"parameters":[],"start":1702239724775,"stop":1702239736745}