{"uuid":"6f3319fa-691b-403a-a1e6-c1e48eee071e","historyId":"698a0a245f8440ef9de67cd825d17bd2","fullName":"praktikum.stellarburgers.pom.page.MainPageConstructorSectionsParamTest.clickToppingsTabThenCheckThatToppingsTabIsActive[Navigate between Constructor tabs: (browser: FIREFOX, userState: LOGGED_IN_USER)]","labels":[{"name":"package","value":"praktikum.stellarburgers.pom.page"},{"name":"testClass","value":"praktikum.stellarburgers.pom.page.MainPageConstructorSectionsParamTest"},{"name":"testMethod","value":"clickToppingsTabThenCheckThatToppingsTabIsActive[Navigate between Constructor tabs: (browser: FIREFOX, userState: LOGGED_IN_USER)]"},{"name":"suite","value":"praktikum.stellarburgers.pom.page.MainPageConstructorSectionsParamTest"},{"name":"host","value":"BASE-DESKTOP"},{"name":"thread","value":"6376@BASE-DESKTOP.main(1)"},{"name":"framework","value":"junit4"},{"name":"language","value":"java"}],"links":[],"name":"Go to 'Toppings' tab","status":"broken","statusDetails":{"known":false,"muted":false,"flaky":false,"message":"Element <div class=\"tab_tab__1SPyG  pt-4 pr-10 pb-4 pl-10 noselect\"> is not clickable at point (1160,215) because another element <div class=\"Modal_modal_overlay__x2ZCr\"> obscures it\nBuild info: version: '4.15.0', revision: '1d14b5521b'\nSystem info: os.name: 'Windows 10', os.arch: 'amd64', os.version: '10.0', java.version: '11.0.20'\nDriver info: org.openqa.selenium.firefox.FirefoxDriver\nCommand: [0f35db73-9ba0-4d26-aa02-a894fb26a053, clickElement {id=95af6a69-f723-4e27-a945-60a3b98c7182}]\nCapabilities {acceptInsecureCerts: true, browserName: firefox, browserVersion: 117.0.1, moz:accessibilityChecks: false, moz:buildID: 20230912013654, moz:debuggerAddress: 127.0.0.1:45653, moz:geckodriverVersion: 0.33.0, moz:headless: false, moz:platformVersion: 10.0, moz:processID: 4184, moz:profile: C:\\Users\\Sergey\\AppData\\Loc..., moz:shutdownTimeout: 60000, moz:webdriverClick: true, moz:windowless: false, pageLoadStrategy: normal, platformName: windows, proxy: Proxy(), se:cdp: ws://127.0.0.1:45653/devtoo..., se:cdpVersion: 85.0, setWindowRect: true, strictFileInteractability: false, timeouts: {implicit: 0, pageLoad: 300000, script: 30000}, unhandledPromptBehavior: dismiss and notify}\nElement: [[FirefoxDriver: firefox on windows (0f35db73-9ba0-4d26-aa02-a894fb26a053)] -> xpath: .//div[contains(@class, 'tab__1SPyG')]/span[text()='Начинки']/parent::div]\nSession ID: 0f35db73-9ba0-4d26-aa02-a894fb26a053","trace":"org.openqa.selenium.ElementClickInterceptedException: Element <div class=\"tab_tab__1SPyG  pt-4 pr-10 pb-4 pl-10 noselect\"> is not clickable at point (1160,215) because another element <div class=\"Modal_modal_overlay__x2ZCr\"> obscures it\nBuild info: version: '4.15.0', revision: '1d14b5521b'\nSystem info: os.name: 'Windows 10', os.arch: 'amd64', os.version: '10.0', java.version: '11.0.20'\nDriver info: org.openqa.selenium.firefox.FirefoxDriver\nCommand: [0f35db73-9ba0-4d26-aa02-a894fb26a053, clickElement {id=95af6a69-f723-4e27-a945-60a3b98c7182}]\nCapabilities {acceptInsecureCerts: true, browserName: firefox, browserVersion: 117.0.1, moz:accessibilityChecks: false, moz:buildID: 20230912013654, moz:debuggerAddress: 127.0.0.1:45653, moz:geckodriverVersion: 0.33.0, moz:headless: false, moz:platformVersion: 10.0, moz:processID: 4184, moz:profile: C:\\Users\\Sergey\\AppData\\Loc..., moz:shutdownTimeout: 60000, moz:webdriverClick: true, moz:windowless: false, pageLoadStrategy: normal, platformName: windows, proxy: Proxy(), se:cdp: ws://127.0.0.1:45653/devtoo..., se:cdpVersion: 85.0, setWindowRect: true, strictFileInteractability: false, timeouts: {implicit: 0, pageLoad: 300000, script: 30000}, unhandledPromptBehavior: dismiss and notify}\nElement: [[FirefoxDriver: firefox on windows (0f35db73-9ba0-4d26-aa02-a894fb26a053)] -> xpath: .//div[contains(@class, 'tab__1SPyG')]/span[text()='Начинки']/parent::div]\nSession ID: 0f35db73-9ba0-4d26-aa02-a894fb26a053\r\n\tat java.base/jdk.internal.reflect.NativeConstructorAccessorImpl.newInstance0(Native Method)\r\n\tat java.base/jdk.internal.reflect.NativeConstructorAccessorImpl.newInstance(NativeConstructorAccessorImpl.java:62)\r\n\tat java.base/jdk.internal.reflect.DelegatingConstructorAccessorImpl.newInstance(DelegatingConstructorAccessorImpl.java:45)\r\n\tat java.base/java.lang.reflect.Constructor.newInstance(Constructor.java:490)\r\n\tat org.openqa.selenium.remote.codec.w3c.W3CHttpResponseCodec.createException(W3CHttpResponseCodec.java:200)\r\n\tat org.openqa.selenium.remote.codec.w3c.W3CHttpResponseCodec.decode(W3CHttpResponseCodec.java:133)\r\n\tat org.openqa.selenium.remote.codec.w3c.W3CHttpResponseCodec.decode(W3CHttpResponseCodec.java:52)\r\n\tat org.openqa.selenium.remote.HttpCommandExecutor.execute(HttpCommandExecutor.java:191)\r\n\tat org.openqa.selenium.remote.service.DriverCommandExecutor.invokeExecute(DriverCommandExecutor.java:200)\r\n\tat org.openqa.selenium.remote.service.DriverCommandExecutor.execute(DriverCommandExecutor.java:175)\r\n\tat org.openqa.selenium.remote.RemoteWebDriver.execute(RemoteWebDriver.java:607)\r\n\tat org.openqa.selenium.remote.RemoteWebElement.execute(RemoteWebElement.java:224)\r\n\tat org.openqa.selenium.remote.RemoteWebElement.click(RemoteWebElement.java:77)\r\n\tat praktikum.stellarburgers.pom.page.MainPage.clickToppingsTab(MainPage.java:154)\r\n\tat praktikum.stellarburgers.pom.page.MainPageConstructorSectionsParamTest.clickToppingsTabThenCheckThatToppingsTabIsActive(MainPageConstructorSectionsParamTest.java:83)\r\n\tat java.base/jdk.internal.reflect.NativeMethodAccessorImpl.invoke0(Native Method)\r\n\tat java.base/jdk.internal.reflect.NativeMethodAccessorImpl.invoke(NativeMethodAccessorImpl.java:62)\r\n\tat java.base/jdk.internal.reflect.DelegatingMethodAccessorImpl.invoke(DelegatingMethodAccessorImpl.java:43)\r\n\tat java.base/java.lang.reflect.Method.invoke(Method.java:566)\r\n\tat org.junit.runners.model.FrameworkMethod$1.runReflectiveCall(FrameworkMethod.java:59)\r\n\tat org.junit.internal.runners.model.ReflectiveCallable.run(ReflectiveCallable.java:12)\r\n\tat org.junit.runners.model.FrameworkMethod.invokeExplosively(FrameworkMethod.java:56)\r\n\tat org.junit.internal.runners.statements.InvokeMethod.evaluate(InvokeMethod.java:17)\r\n\tat org.junit.internal.runners.statements.RunBefores.evaluate(RunBefores.java:26)\r\n\tat org.junit.internal.runners.statements.RunAfters.evaluate(RunAfters.java:27)\r\n\tat org.junit.runners.ParentRunner$3.evaluate(ParentRunner.java:306)\r\n\tat org.junit.runners.BlockJUnit4ClassRunner$1.evaluate(BlockJUnit4ClassRunner.java:100)\r\n\tat org.junit.runners.ParentRunner.runLeaf(ParentRunner.java:366)\r\n\tat org.junit.runners.BlockJUnit4ClassRunner.runChild(BlockJUnit4ClassRunner.java:103)\r\n\tat org.junit.runners.BlockJUnit4ClassRunner.runChild(BlockJUnit4ClassRunner.java:63)\r\n\tat org.junit.runners.ParentRunner$4.run(ParentRunner.java:331)\r\n\tat org.junit.runners.ParentRunner$1.schedule(ParentRunner.java:79)\r\n\tat org.junit.runners.ParentRunner.runChildren(ParentRunner.java:329)\r\n\tat org.junit.runners.ParentRunner.access$100(ParentRunner.java:66)\r\n\tat org.junit.runners.ParentRunner$2.evaluate(ParentRunner.java:293)\r\n\tat org.junit.runners.ParentRunner.run(ParentRunner.java:413)\r\n\tat org.junit.runners.Suite.runChild(Suite.java:128)\r\n\tat org.junit.runners.Suite.runChild(Suite.java:27)\r\n\tat org.junit.runners.ParentRunner$4.run(ParentRunner.java:331)\r\n\tat org.junit.runners.ParentRunner$1.schedule(ParentRunner.java:79)\r\n\tat org.junit.runners.ParentRunner.runChildren(ParentRunner.java:329)\r\n\tat org.junit.runners.ParentRunner.access$100(ParentRunner.java:66)\r\n\tat org.junit.runners.ParentRunner$2.evaluate(ParentRunner.java:293)\r\n\tat org.junit.runners.ParentRunner$3.evaluate(ParentRunner.java:306)\r\n\tat org.junit.runners.ParentRunner.run(ParentRunner.java:413)\r\n\tat org.junit.runners.Suite.runChild(Suite.java:128)\r\n\tat org.junit.runners.Suite.runChild(Suite.java:27)\r\n\tat org.junit.runners.ParentRunner$4.run(ParentRunner.java:331)\r\n\tat org.junit.runners.ParentRunner$1.schedule(ParentRunner.java:79)\r\n\tat org.junit.runners.ParentRunner.runChildren(ParentRunner.java:329)\r\n\tat org.junit.runners.ParentRunner.access$100(ParentRunner.java:66)\r\n\tat org.junit.runners.ParentRunner$2.evaluate(ParentRunner.java:293)\r\n\tat org.junit.runners.ParentRunner$3.evaluate(ParentRunner.java:306)\r\n\tat org.junit.runners.ParentRunner.run(ParentRunner.java:413)\r\n\tat org.apache.maven.surefire.junit4.JUnit4Provider.execute(JUnit4Provider.java:365)\r\n\tat org.apache.maven.surefire.junit4.JUnit4Provider.executeWithRerun(JUnit4Provider.java:273)\r\n\tat org.apache.maven.surefire.junit4.JUnit4Provider.executeTestSet(JUnit4Provider.java:238)\r\n\tat org.apache.maven.surefire.junit4.JUnit4Provider.invoke(JUnit4Provider.java:159)\r\n\tat org.apache.maven.surefire.booter.ForkedBooter.invokeProviderInSameClassLoader(ForkedBooter.java:384)\r\n\tat org.apache.maven.surefire.booter.ForkedBooter.runSuitesInProcess(ForkedBooter.java:345)\r\n\tat org.apache.maven.surefire.booter.ForkedBooter.execute(ForkedBooter.java:126)\r\n\tat org.apache.maven.surefire.booter.ForkedBooter.main(ForkedBooter.java:418)\r\n"},"stage":"finished","description":"Check that if click 'Toppings' tab then 'Toppings' tab to be active","steps":[{"name":"POST createUser UserRegistrationData ( email: 'harold.torp@yahoo.com', password: 'xo9wi6ssaf', name: 'rubin.kuhn' )","status":"passed","stage":"finished","steps":[],"attachments":[],"parameters":[{"name":"userRegistrationData","value":"( email: 'harold.torp@yahoo.com', password: 'xo9wi6ssaf', name: 'rubin.kuhn' )"}],"start":1702238865145,"stop":1702238865597},{"name":"Open 'Main' Page","status":"passed","stage":"finished","steps":[],"attachments":[],"parameters":[],"start":1702238865610,"stop":1702238874522},{"name":"Wait until 'Main' Page to be displayed","status":"passed","stage":"finished","steps":[{"name":"Wait until 'Page' to be displayed","status":"passed","stage":"finished","steps":[{"name":"Wait until 'Page document' to be ready","status":"passed","stage":"finished","steps":[],"attachments":[],"parameters":[],"start":1702238874523,"stop":1702238874529},{"name":"Wait until 'Page element' to be displayed","status":"passed","stage":"finished","steps":[],"attachments":[],"parameters":[{"name":"waitElement","value":"By.xpath: .//h1[text()='Соберите бургер']"}],"start":1702238874529,"stop":1702238874543}],"attachments":[],"parameters":[{"name":"pageElement","value":"By.xpath: .//h1[text()='Соберите бургер']"}],"start":1702238874523,"stop":1702238874543}],"attachments":[],"parameters":[],"start":1702238874523,"stop":1702238874543},{"name":"Click 'Personal area' link","status":"passed","stage":"finished","steps":[{"name":"Wait until 'Page element' to be clickable","status":"passed","stage":"finished","steps":[],"attachments":[],"parameters":[{"name":"waitElement","value":"By.xpath: .//nav/a[@href='/account']"}],"start":1702238874543,"stop":1702238874564}],"attachments":[],"parameters":[],"start":1702238874543,"stop":1702238874792},{"name":"Fill out Sign in Form","status":"passed","stage":"finished","steps":[{"name":"Set Email","status":"passed","stage":"finished","steps":[],"attachments":[],"parameters":[{"name":"email","value":"harold.torp@yahoo.com"}],"start":1702238874793,"stop":1702238874815},{"name":"Set Password","status":"passed","stage":"finished","steps":[],"attachments":[],"parameters":[{"name":"password","value":"xo9wi6ssaf"}],"start":1702238874815,"stop":1702238874828}],"attachments":[],"parameters":[{"name":"email","value":"harold.torp@yahoo.com"},{"name":"password","value":"xo9wi6ssaf"}],"start":1702238874793,"stop":1702238874828},{"name":"Click Login Button","status":"passed","stage":"finished","steps":[{"name":"Wait until 'Page element' to be clickable","status":"passed","stage":"finished","steps":[],"attachments":[],"parameters":[{"name":"waitElement","value":"By.xpath: .//button[text()='Войти']"}],"start":1702238874828,"stop":1702238874852}],"attachments":[],"parameters":[],"start":1702238874828,"stop":1702238875080},{"name":"Wait until 'Main' Page to be displayed","status":"passed","stage":"finished","steps":[{"name":"Wait until 'Page' to be displayed","status":"passed","stage":"finished","steps":[{"name":"Wait until 'Page document' to be ready","status":"passed","stage":"finished","steps":[],"attachments":[],"parameters":[],"start":1702238875080,"stop":1702238875082},{"name":"Wait until 'Page element' to be displayed","status":"passed","stage":"finished","steps":[],"attachments":[],"parameters":[{"name":"waitElement","value":"By.xpath: .//h1[text()='Соберите бургер']"}],"start":1702238875082,"stop":1702238875599}],"attachments":[],"parameters":[{"name":"pageElement","value":"By.xpath: .//h1[text()='Соберите бургер']"}],"start":1702238875080,"stop":1702238875599}],"attachments":[],"parameters":[],"start":1702238875080,"stop":1702238875599},{"name":"Wait until 'Order' Button to be displayed","status":"passed","stage":"finished","steps":[{"name":"Wait until 'Page element' to be displayed","status":"passed","stage":"finished","steps":[],"attachments":[],"parameters":[{"name":"waitElement","value":"By.xpath: .//button[text()='Оформить заказ']"}],"start":1702238875599,"stop":1702238875608}],"attachments":[],"parameters":[],"start":1702238875599,"stop":1702238875608},{"name":"Open 'Main' Page","status":"passed","stage":"finished","steps":[],"attachments":[],"parameters":[],"start":1702238875608,"stop":1702238875795},{"name":"Wait until 'Main' Page to be displayed","status":"passed","stage":"finished","steps":[{"name":"Wait until 'Page' to be displayed","status":"passed","stage":"finished","steps":[{"name":"Wait until 'Page document' to be ready","status":"passed","stage":"finished","steps":[],"attachments":[],"parameters":[],"start":1702238875795,"stop":1702238875797},{"name":"Wait until 'Page element' to be displayed","status":"passed","stage":"finished","steps":[],"attachments":[],"parameters":[{"name":"waitElement","value":"By.xpath: .//h1[text()='Соберите бургер']"}],"start":1702238875797,"stop":1702238875807}],"attachments":[],"parameters":[{"name":"pageElement","value":"By.xpath: .//h1[text()='Соберите бургер']"}],"start":1702238875795,"stop":1702238875807}],"attachments":[],"parameters":[],"start":1702238875795,"stop":1702238875807},{"name":"Click 'Toppings' Tab","status":"broken","statusDetails":{"known":false,"muted":false,"flaky":false,"message":"Element <div class=\"tab_tab__1SPyG  pt-4 pr-10 pb-4 pl-10 noselect\"> is not clickable at point (1160,215) because another element <div class=\"Modal_modal_overlay__x2ZCr\"> obscures it\nBuild info: version: '4.15.0', revision: '1d14b5521b'\nSystem info: os.name: 'Windows 10', os.arch: 'amd64', os.version: '10.0', java.version: '11.0.20'\nDriver info: org.openqa.selenium.firefox.FirefoxDriver\nCommand: [0f35db73-9ba0-4d26-aa02-a894fb26a053, clickElement {id=95af6a69-f723-4e27-a945-60a3b98c7182}]\nCapabilities {acceptInsecureCerts: true, browserName: firefox, browserVersion: 117.0.1, moz:accessibilityChecks: false, moz:buildID: 20230912013654, moz:debuggerAddress: 127.0.0.1:45653, moz:geckodriverVersion: 0.33.0, moz:headless: false, moz:platformVersion: 10.0, moz:processID: 4184, moz:profile: C:\\Users\\Sergey\\AppData\\Loc..., moz:shutdownTimeout: 60000, moz:webdriverClick: true, moz:windowless: false, pageLoadStrategy: normal, platformName: windows, proxy: Proxy(), se:cdp: ws://127.0.0.1:45653/devtoo..., se:cdpVersion: 85.0, setWindowRect: true, strictFileInteractability: false, timeouts: {implicit: 0, pageLoad: 300000, script: 30000}, unhandledPromptBehavior: dismiss and notify}\nElement: [[FirefoxDriver: firefox on windows (0f35db73-9ba0-4d26-aa02-a894fb26a053)] -> xpath: .//div[contains(@class, 'tab__1SPyG')]/span[text()='Начинки']/parent::div]\nSession ID: 0f35db73-9ba0-4d26-aa02-a894fb26a053","trace":"org.openqa.selenium.ElementClickInterceptedException: Element <div class=\"tab_tab__1SPyG  pt-4 pr-10 pb-4 pl-10 noselect\"> is not clickable at point (1160,215) because another element <div class=\"Modal_modal_overlay__x2ZCr\"> obscures it\nBuild info: version: '4.15.0', revision: '1d14b5521b'\nSystem info: os.name: 'Windows 10', os.arch: 'amd64', os.version: '10.0', java.version: '11.0.20'\nDriver info: org.openqa.selenium.firefox.FirefoxDriver\nCommand: [0f35db73-9ba0-4d26-aa02-a894fb26a053, clickElement {id=95af6a69-f723-4e27-a945-60a3b98c7182}]\nCapabilities {acceptInsecureCerts: true, browserName: firefox, browserVersion: 117.0.1, moz:accessibilityChecks: false, moz:buildID: 20230912013654, moz:debuggerAddress: 127.0.0.1:45653, moz:geckodriverVersion: 0.33.0, moz:headless: false, moz:platformVersion: 10.0, moz:processID: 4184, moz:profile: C:\\Users\\Sergey\\AppData\\Loc..., moz:shutdownTimeout: 60000, moz:webdriverClick: true, moz:windowless: false, pageLoadStrategy: normal, platformName: windows, proxy: Proxy(), se:cdp: ws://127.0.0.1:45653/devtoo..., se:cdpVersion: 85.0, setWindowRect: true, strictFileInteractability: false, timeouts: {implicit: 0, pageLoad: 300000, script: 30000}, unhandledPromptBehavior: dismiss and notify}\nElement: [[FirefoxDriver: firefox on windows (0f35db73-9ba0-4d26-aa02-a894fb26a053)] -> xpath: .//div[contains(@class, 'tab__1SPyG')]/span[text()='Начинки']/parent::div]\nSession ID: 0f35db73-9ba0-4d26-aa02-a894fb26a053\r\n\tat java.base/jdk.internal.reflect.NativeConstructorAccessorImpl.newInstance0(Native Method)\r\n\tat java.base/jdk.internal.reflect.NativeConstructorAccessorImpl.newInstance(NativeConstructorAccessorImpl.java:62)\r\n\tat java.base/jdk.internal.reflect.DelegatingConstructorAccessorImpl.newInstance(DelegatingConstructorAccessorImpl.java:45)\r\n\tat java.base/java.lang.reflect.Constructor.newInstance(Constructor.java:490)\r\n\tat org.openqa.selenium.remote.codec.w3c.W3CHttpResponseCodec.createException(W3CHttpResponseCodec.java:200)\r\n\tat org.openqa.selenium.remote.codec.w3c.W3CHttpResponseCodec.decode(W3CHttpResponseCodec.java:133)\r\n\tat org.openqa.selenium.remote.codec.w3c.W3CHttpResponseCodec.decode(W3CHttpResponseCodec.java:52)\r\n\tat org.openqa.selenium.remote.HttpCommandExecutor.execute(HttpCommandExecutor.java:191)\r\n\tat org.openqa.selenium.remote.service.DriverCommandExecutor.invokeExecute(DriverCommandExecutor.java:200)\r\n\tat org.openqa.selenium.remote.service.DriverCommandExecutor.execute(DriverCommandExecutor.java:175)\r\n\tat org.openqa.selenium.remote.RemoteWebDriver.execute(RemoteWebDriver.java:607)\r\n\tat org.openqa.selenium.remote.RemoteWebElement.execute(RemoteWebElement.java:224)\r\n\tat org.openqa.selenium.remote.RemoteWebElement.click(RemoteWebElement.java:77)\r\n\tat praktikum.stellarburgers.pom.page.MainPage.clickToppingsTab(MainPage.java:154)\r\n\tat praktikum.stellarburgers.pom.page.MainPageConstructorSectionsParamTest.clickToppingsTabThenCheckThatToppingsTabIsActive(MainPageConstructorSectionsParamTest.java:83)\r\n\tat java.base/jdk.internal.reflect.NativeMethodAccessorImpl.invoke0(Native Method)\r\n\tat java.base/jdk.internal.reflect.NativeMethodAccessorImpl.invoke(NativeMethodAccessorImpl.java:62)\r\n\tat java.base/jdk.internal.reflect.DelegatingMethodAccessorImpl.invoke(DelegatingMethodAccessorImpl.java:43)\r\n\tat java.base/java.lang.reflect.Method.invoke(Method.java:566)\r\n\tat org.junit.runners.model.FrameworkMethod$1.runReflectiveCall(FrameworkMethod.java:59)\r\n\tat org.junit.internal.runners.model.ReflectiveCallable.run(ReflectiveCallable.java:12)\r\n\tat org.junit.runners.model.FrameworkMethod.invokeExplosively(FrameworkMethod.java:56)\r\n\tat org.junit.internal.runners.statements.InvokeMethod.evaluate(InvokeMethod.java:17)\r\n\tat org.junit.internal.runners.statements.RunBefores.evaluate(RunBefores.java:26)\r\n\tat org.junit.internal.runners.statements.RunAfters.evaluate(RunAfters.java:27)\r\n\tat org.junit.runners.ParentRunner$3.evaluate(ParentRunner.java:306)\r\n\tat org.junit.runners.BlockJUnit4ClassRunner$1.evaluate(BlockJUnit4ClassRunner.java:100)\r\n\tat org.junit.runners.ParentRunner.runLeaf(ParentRunner.java:366)\r\n\tat org.junit.runners.BlockJUnit4ClassRunner.runChild(BlockJUnit4ClassRunner.java:103)\r\n\tat org.junit.runners.BlockJUnit4ClassRunner.runChild(BlockJUnit4ClassRunner.java:63)\r\n\tat org.junit.runners.ParentRunner$4.run(ParentRunner.java:331)\r\n\tat org.junit.runners.ParentRunner$1.schedule(ParentRunner.java:79)\r\n\tat org.junit.runners.ParentRunner.runChildren(ParentRunner.java:329)\r\n\tat org.junit.runners.ParentRunner.access$100(ParentRunner.java:66)\r\n\tat org.junit.runners.ParentRunner$2.evaluate(ParentRunner.java:293)\r\n\tat org.junit.runners.ParentRunner.run(ParentRunner.java:413)\r\n\tat org.junit.runners.Suite.runChild(Suite.java:128)\r\n\tat org.junit.runners.Suite.runChild(Suite.java:27)\r\n\tat org.junit.runners.ParentRunner$4.run(ParentRunner.java:331)\r\n\tat org.junit.runners.ParentRunner$1.schedule(ParentRunner.java:79)\r\n\tat org.junit.runners.ParentRunner.runChildren(ParentRunner.java:329)\r\n\tat org.junit.runners.ParentRunner.access$100(ParentRunner.java:66)\r\n\tat org.junit.runners.ParentRunner$2.evaluate(ParentRunner.java:293)\r\n\tat org.junit.runners.ParentRunner$3.evaluate(ParentRunner.java:306)\r\n\tat org.junit.runners.ParentRunner.run(ParentRunner.java:413)\r\n\tat org.junit.runners.Suite.runChild(Suite.java:128)\r\n\tat org.junit.runners.Suite.runChild(Suite.java:27)\r\n\tat org.junit.runners.ParentRunner$4.run(ParentRunner.java:331)\r\n\tat org.junit.runners.ParentRunner$1.schedule(ParentRunner.java:79)\r\n\tat org.junit.runners.ParentRunner.runChildren(ParentRunner.java:329)\r\n\tat org.junit.runners.ParentRunner.access$100(ParentRunner.java:66)\r\n\tat org.junit.runners.ParentRunner$2.evaluate(ParentRunner.java:293)\r\n\tat org.junit.runners.ParentRunner$3.evaluate(ParentRunner.java:306)\r\n\tat org.junit.runners.ParentRunner.run(ParentRunner.java:413)\r\n\tat org.apache.maven.surefire.junit4.JUnit4Provider.execute(JUnit4Provider.java:365)\r\n\tat org.apache.maven.surefire.junit4.JUnit4Provider.executeWithRerun(JUnit4Provider.java:273)\r\n\tat org.apache.maven.surefire.junit4.JUnit4Provider.executeTestSet(JUnit4Provider.java:238)\r\n\tat org.apache.maven.surefire.junit4.JUnit4Provider.invoke(JUnit4Provider.java:159)\r\n\tat org.apache.maven.surefire.booter.ForkedBooter.invokeProviderInSameClassLoader(ForkedBooter.java:384)\r\n\tat org.apache.maven.surefire.booter.ForkedBooter.runSuitesInProcess(ForkedBooter.java:345)\r\n\tat org.apache.maven.surefire.booter.ForkedBooter.execute(ForkedBooter.java:126)\r\n\tat org.apache.maven.surefire.booter.ForkedBooter.main(ForkedBooter.java:418)\r\n"},"stage":"finished","steps":[{"name":"Wait until 'Page element' to be clickable","status":"passed","stage":"finished","steps":[],"attachments":[],"parameters":[{"name":"waitElement","value":"By.xpath: .//div[contains(@class, 'tab__1SPyG')]/span[text()='Начинки']/parent::div"}],"start":1702238875807,"stop":1702238875818}],"attachments":[],"parameters":[],"start":1702238875807,"stop":1702238875824},{"name":"DELETE deleteUser ( accessToken=\"Bearer eyJhbGciOiJIUzI1NiIsInR5cCI6IkpXVCJ9.eyJpZCI6IjY1NzYxYTkxOWVkMjgwMDAxYjM5NTY5NyIsImlhdCI6MTcwMjIzODg2NSwiZXhwIjoxNzAyMjQwMDY1fQ.YGmEE3ctD3IkekC_P5oJy20ldVb_MrKsvbTj_o_7Wac\" )","status":"passed","stage":"finished","steps":[],"attachments":[],"parameters":[{"name":"accessToken","value":"Bearer eyJhbGciOiJIUzI1NiIsInR5cCI6IkpXVCJ9.eyJpZCI6IjY1NzYxYTkxOWVkMjgwMDAxYjM5NTY5NyIsImlhdCI6MTcwMjIzODg2NSwiZXhwIjoxNzAyMjQwMDY1fQ.YGmEE3ctD3IkekC_P5oJy20ldVb_MrKsvbTj_o_7Wac"}],"start":1702238875824,"stop":1702238876373}],"attachments":[],"parameters":[],"start":1702238863170,"stop":1702238876914}